  button.cpp
E:\UoG上课资料\5220 RTEP 实时嵌入式编程\c++\rtep\rtep\button.cpp(1,10): fatal error C1083: 无法打开包括文件: “wiringPi.h”: No such file or directory
  buttonchange.cpp
E:\UoG上课资料\5220 RTEP 实时嵌入式编程\c++\rtep\rtep\buttonchange.cpp(1,10): fatal error C1083: 无法打开包括文件: “wiringPi.h”: No such file or directory
  clean.cpp
E:\UoG上课资料\5220 RTEP 实时嵌入式编程\c++\rtep\rtep\clean.cpp(4,9): fatal error C1083: 无法打开包括文件: “unistd.h”: No such file or directory
  clean_all.cpp
E:\UoG上课资料\5220 RTEP 实时嵌入式编程\c++\rtep\rtep\clean_all.cpp(1,10): fatal error C1083: 无法打开包括文件: “wiringPi.h”: No such file or directory
  main.cpp
E:\UoG上课资料\5220 RTEP 实时嵌入式编程\c++\rtep\rtep\main.cpp(1,10): fatal error C1083: 无法打开包括文件: “wiringPi.h”: No such file or directory
  MLX90614.cpp
E:\UoG上课资料\5220 RTEP 实时嵌入式编程\c++\rtep\rtep\MLX90614.h(5,10): fatal error C1083: 无法打开包括文件: “wiringPi.h”: No such file or directory
  Temperature.cpp
E:\UoG上课资料\5220 RTEP 实时嵌入式编程\c++\rtep\rtep\MLX90614.h(5,10): fatal error C1083: 无法打开包括文件: “wiringPi.h”: No such file or directory
  time.cpp
E:\UoG上课资料\5220 RTEP 实时嵌入式编程\c++\rtep\rtep\time.cpp(1,10): fatal error C1083: 无法打开包括文件: “wiringPi.h”: No such file or directory
  time14.cpp
E:\UoG上课资料\5220 RTEP 实时嵌入式编程\c++\rtep\rtep\time14.cpp(1,10): fatal error C1083: 无法打开包括文件: “wiringPi.h”: No such file or directory
  web.cpp
E:\UoG上课资料\5220 RTEP 实时嵌入式编程\c++\rtep\rtep\web.cpp(3,10): fatal error C1083: 无法打开包括文件: “mysql.h”: No such file or directory
  正在生成代码...
